mode: set
github.com/nochzato/go-bank/api/account.go:16.55,18.49 2 0
github.com/nochzato/go-bank/api/account.go:18.49,21.3 2 0
github.com/nochzato/go-bank/api/account.go:23.2,30.16 3 0
github.com/nochzato/go-bank/api/account.go:30.16,33.3 2 0
github.com/nochzato/go-bank/api/account.go:35.2,35.34 1 0
github.com/nochzato/go-bank/api/account.go:42.52,44.48 2 0
github.com/nochzato/go-bank/api/account.go:44.48,47.3 2 0
github.com/nochzato/go-bank/api/account.go:49.2,50.16 2 0
github.com/nochzato/go-bank/api/account.go:50.16,51.27 1 0
github.com/nochzato/go-bank/api/account.go:51.27,54.4 2 0
github.com/nochzato/go-bank/api/account.go:55.3,56.9 2 0
github.com/nochzato/go-bank/api/account.go:59.2,59.34 1 0
github.com/nochzato/go-bank/api/account.go:67.53,69.50 2 0
github.com/nochzato/go-bank/api/account.go:69.50,72.3 2 0
github.com/nochzato/go-bank/api/account.go:74.2,80.16 3 0
github.com/nochzato/go-bank/api/account.go:80.16,83.3 2 0
github.com/nochzato/go-bank/api/account.go:85.2,85.35 1 0
github.com/nochzato/go-bank/api/server.go:15.41,25.2 7 0
github.com/nochzato/go-bank/api/server.go:28.51,30.2 1 0
github.com/nochzato/go-bank/api/server.go:32.37,34.2 1 0
github.com/nochzato/go-bank/main.go:13.13,15.16 2 0
github.com/nochzato/go-bank/main.go:15.16,17.3 1 0
github.com/nochzato/go-bank/main.go:19.2,20.16 2 0
github.com/nochzato/go-bank/main.go:20.16,22.3 1 0
github.com/nochzato/go-bank/main.go:24.2,28.16 4 0
github.com/nochzato/go-bank/main.go:28.16,30.3 1 0
github.com/nochzato/go-bank/util/config.go:13.57,21.16 6 0
github.com/nochzato/go-bank/util/config.go:21.16,23.3 1 0
github.com/nochzato/go-bank/util/config.go:25.2,26.8 2 0
github.com/nochzato/go-bank/util/random.go:11.38,13.2 1 0
github.com/nochzato/go-bank/util/random.go:16.33,21.25 3 0
github.com/nochzato/go-bank/util/random.go:21.25,24.3 2 0
github.com/nochzato/go-bank/util/random.go:26.2,26.20 1 0
github.com/nochzato/go-bank/util/random.go:30.27,32.2 1 0
github.com/nochzato/go-bank/util/random.go:35.26,37.2 1 0
github.com/nochzato/go-bank/util/random.go:40.30,44.2 3 0
github.com/nochzato/go-bank/db/sqlc/account.sql.go:24.104,35.2 4 1
github.com/nochzato/go-bank/db/sqlc/account.sql.go:54.96,65.2 4 1
github.com/nochzato/go-bank/db/sqlc/account.sql.go:71.70,74.2 2 1
github.com/nochzato/go-bank/db/sqlc/account.sql.go:81.78,92.2 4 1
github.com/nochzato/go-bank/db/sqlc/account.sql.go:100.87,111.2 4 0
github.com/nochzato/go-bank/db/sqlc/account.sql.go:125.96,127.16 2 1
github.com/nochzato/go-bank/db/sqlc/account.sql.go:127.16,129.3 1 0
github.com/nochzato/go-bank/db/sqlc/account.sql.go:130.2,132.18 3 1
github.com/nochzato/go-bank/db/sqlc/account.sql.go:132.18,140.17 2 1
github.com/nochzato/go-bank/db/sqlc/account.sql.go:140.17,142.4 1 0
github.com/nochzato/go-bank/db/sqlc/account.sql.go:143.3,143.27 1 1
github.com/nochzato/go-bank/db/sqlc/account.sql.go:145.2,145.37 1 1
github.com/nochzato/go-bank/db/sqlc/account.sql.go:145.37,147.3 1 0
github.com/nochzato/go-bank/db/sqlc/account.sql.go:148.2,148.35 1 1
github.com/nochzato/go-bank/db/sqlc/account.sql.go:148.35,150.3 1 0
github.com/nochzato/go-bank/db/sqlc/account.sql.go:151.2,151.19 1 1
github.com/nochzato/go-bank/db/sqlc/account.sql.go:166.96,177.2 4 1
github.com/nochzato/go-bank/db/sqlc/db.go:19.28,21.2 1 1
github.com/nochzato/go-bank/db/sqlc/db.go:27.47,31.2 1 0
github.com/nochzato/go-bank/db/sqlc/entry.sql.go:26.90,36.2 4 1
github.com/nochzato/go-bank/db/sqlc/entry.sql.go:43.74,53.2 4 1
github.com/nochzato/go-bank/db/sqlc/entry.sql.go:69.92,71.16 2 1
github.com/nochzato/go-bank/db/sqlc/entry.sql.go:71.16,73.3 1 0
github.com/nochzato/go-bank/db/sqlc/entry.sql.go:74.2,76.18 3 1
github.com/nochzato/go-bank/db/sqlc/entry.sql.go:76.18,83.17 2 1
github.com/nochzato/go-bank/db/sqlc/entry.sql.go:83.17,85.4 1 0
github.com/nochzato/go-bank/db/sqlc/entry.sql.go:86.3,86.27 1 1
github.com/nochzato/go-bank/db/sqlc/entry.sql.go:88.2,88.37 1 1
github.com/nochzato/go-bank/db/sqlc/entry.sql.go:88.37,90.3 1 0
github.com/nochzato/go-bank/db/sqlc/entry.sql.go:91.2,91.35 1 1
github.com/nochzato/go-bank/db/sqlc/entry.sql.go:91.35,93.3 1 0
github.com/nochzato/go-bank/db/sqlc/entry.sql.go:94.2,94.19 1 1
github.com/nochzato/go-bank/db/sqlc/store.go:15.34,20.2 1 1
github.com/nochzato/go-bank/db/sqlc/store.go:23.80,25.16 2 1
github.com/nochzato/go-bank/db/sqlc/store.go:25.16,27.3 1 0
github.com/nochzato/go-bank/db/sqlc/store.go:29.2,31.16 3 1
github.com/nochzato/go-bank/db/sqlc/store.go:31.16,32.43 1 0
github.com/nochzato/go-bank/db/sqlc/store.go:32.43,34.4 1 0
github.com/nochzato/go-bank/db/sqlc/store.go:35.3,35.13 1 0
github.com/nochzato/go-bank/db/sqlc/store.go:38.2,38.20 1 1
github.com/nochzato/go-bank/db/sqlc/store.go:60.101,63.50 2 1
github.com/nochzato/go-bank/db/sqlc/store.go:63.50,71.17 3 1
github.com/nochzato/go-bank/db/sqlc/store.go:71.17,73.4 1 0
github.com/nochzato/go-bank/db/sqlc/store.go:75.3,79.17 2 1
github.com/nochzato/go-bank/db/sqlc/store.go:79.17,81.4 1 0
github.com/nochzato/go-bank/db/sqlc/store.go:83.3,87.17 2 1
github.com/nochzato/go-bank/db/sqlc/store.go:87.17,89.4 1 0
github.com/nochzato/go-bank/db/sqlc/store.go:91.3,91.42 1 1
github.com/nochzato/go-bank/db/sqlc/store.go:91.42,100.4 1 1
github.com/nochzato/go-bank/db/sqlc/store.go:100.9,109.4 1 1
github.com/nochzato/go-bank/db/sqlc/store.go:111.3,111.13 1 1
github.com/nochzato/go-bank/db/sqlc/store.go:114.2,114.20 1 1
github.com/nochzato/go-bank/db/sqlc/store.go:124.43,129.16 2 1
github.com/nochzato/go-bank/db/sqlc/store.go:129.16,131.3 1 0
github.com/nochzato/go-bank/db/sqlc/store.go:133.2,138.8 2 1
github.com/nochzato/go-bank/db/sqlc/tranfser.sql.go:28.99,39.2 4 1
github.com/nochzato/go-bank/db/sqlc/tranfser.sql.go:46.80,57.2 4 1
github.com/nochzato/go-bank/db/sqlc/tranfser.sql.go:76.99,83.16 2 1
github.com/nochzato/go-bank/db/sqlc/tranfser.sql.go:83.16,85.3 1 0
github.com/nochzato/go-bank/db/sqlc/tranfser.sql.go:86.2,88.18 3 1
github.com/nochzato/go-bank/db/sqlc/tranfser.sql.go:88.18,96.17 2 1
github.com/nochzato/go-bank/db/sqlc/tranfser.sql.go:96.17,98.4 1 0
github.com/nochzato/go-bank/db/sqlc/tranfser.sql.go:99.3,99.27 1 1
github.com/nochzato/go-bank/db/sqlc/tranfser.sql.go:101.2,101.37 1 1
github.com/nochzato/go-bank/db/sqlc/tranfser.sql.go:101.37,103.3 1 0
github.com/nochzato/go-bank/db/sqlc/tranfser.sql.go:104.2,104.35 1 1
github.com/nochzato/go-bank/db/sqlc/tranfser.sql.go:104.35,106.3 1 0
github.com/nochzato/go-bank/db/sqlc/tranfser.sql.go:107.2,107.19 1 1
github.com/nochzato/go-bank/util/config.go:13.57,21.16 6 1
github.com/nochzato/go-bank/util/config.go:21.16,23.3 1 0
github.com/nochzato/go-bank/util/config.go:25.2,26.8 2 1
github.com/nochzato/go-bank/util/random.go:11.38,13.2 1 1
github.com/nochzato/go-bank/util/random.go:16.33,21.25 3 1
github.com/nochzato/go-bank/util/random.go:21.25,24.3 2 1
github.com/nochzato/go-bank/util/random.go:26.2,26.20 1 1
github.com/nochzato/go-bank/util/random.go:30.27,32.2 1 1
github.com/nochzato/go-bank/util/random.go:35.26,37.2 1 1
github.com/nochzato/go-bank/util/random.go:40.30,44.2 3 1
