mode: set
github.com/nochzato/go-bank/main.go:13.13,15.16 2 0
github.com/nochzato/go-bank/main.go:15.16,17.3 1 0
github.com/nochzato/go-bank/main.go:19.2,20.16 2 0
github.com/nochzato/go-bank/main.go:20.16,22.3 1 0
github.com/nochzato/go-bank/main.go:24.2,26.16 3 0
github.com/nochzato/go-bank/main.go:26.16,28.3 1 0
github.com/nochzato/go-bank/main.go:30.2,31.16 2 0
github.com/nochzato/go-bank/main.go:31.16,33.3 1 0
github.com/nochzato/go-bank/db/mock/store.go:32.55,36.2 3 0
github.com/nochzato/go-bank/db/mock/store.go:39.53,41.2 1 0
github.com/nochzato/go-bank/db/mock/store.go:44.114,50.2 5 0
github.com/nochzato/go-bank/db/mock/store.go:53.81,56.2 2 0
github.com/nochzato/go-bank/db/mock/store.go:59.106,65.2 5 0
github.com/nochzato/go-bank/db/mock/store.go:68.77,71.2 2 0
github.com/nochzato/go-bank/db/mock/store.go:74.100,80.2 5 0
github.com/nochzato/go-bank/db/mock/store.go:83.75,86.2 2 0
github.com/nochzato/go-bank/db/mock/store.go:89.109,95.2 5 0
github.com/nochzato/go-bank/db/mock/store.go:98.78,101.2 2 0
github.com/nochzato/go-bank/db/mock/store.go:104.97,110.2 5 0
github.com/nochzato/go-bank/db/mock/store.go:113.74,116.2 2 0
github.com/nochzato/go-bank/db/mock/store.go:119.75,124.2 4 0
github.com/nochzato/go-bank/db/mock/store.go:127.77,130.2 2 0
github.com/nochzato/go-bank/db/mock/store.go:133.86,139.2 5 0
github.com/nochzato/go-bank/db/mock/store.go:142.74,145.2 2 0
github.com/nochzato/go-bank/db/mock/store.go:148.95,154.2 5 0
github.com/nochzato/go-bank/db/mock/store.go:157.83,160.2 2 0
github.com/nochzato/go-bank/db/mock/store.go:163.82,169.2 5 0
github.com/nochzato/go-bank/db/mock/store.go:172.72,175.2 2 0
github.com/nochzato/go-bank/db/mock/store.go:178.88,184.2 5 0
github.com/nochzato/go-bank/db/mock/store.go:187.75,190.2 2 0
github.com/nochzato/go-bank/db/mock/store.go:193.81,199.2 5 0
github.com/nochzato/go-bank/db/mock/store.go:202.71,205.2 2 0
github.com/nochzato/go-bank/db/mock/store.go:208.106,214.2 5 0
github.com/nochzato/go-bank/db/mock/store.go:217.76,220.2 2 0
github.com/nochzato/go-bank/db/mock/store.go:223.102,229.2 5 0
github.com/nochzato/go-bank/db/mock/store.go:232.75,235.2 2 0
github.com/nochzato/go-bank/db/mock/store.go:238.109,244.2 5 0
github.com/nochzato/go-bank/db/mock/store.go:247.77,250.2 2 0
github.com/nochzato/go-bank/db/mock/store.go:253.109,259.2 5 0
github.com/nochzato/go-bank/db/mock/store.go:262.74,265.2 2 0
github.com/nochzato/go-bank/db/mock/store.go:268.106,274.2 5 0
github.com/nochzato/go-bank/db/mock/store.go:277.77,280.2 2 0
github.com/nochzato/go-bank/util/config.go:19.57,27.16 6 0
github.com/nochzato/go-bank/util/config.go:27.16,29.3 1 0
github.com/nochzato/go-bank/util/config.go:31.2,32.8 2 0
github.com/nochzato/go-bank/util/currency.go:9.48,10.18 1 0
github.com/nochzato/go-bank/util/currency.go:11.21,12.14 1 0
github.com/nochzato/go-bank/util/currency.go:14.2,14.14 1 0
github.com/nochzato/go-bank/util/password.go:10.52,12.16 2 1
github.com/nochzato/go-bank/util/password.go:12.16,14.3 1 0
github.com/nochzato/go-bank/util/password.go:15.2,15.36 1 1
github.com/nochzato/go-bank/util/password.go:19.66,21.2 1 1
github.com/nochzato/go-bank/util/random.go:12.38,14.2 1 0
github.com/nochzato/go-bank/util/random.go:17.33,22.25 3 1
github.com/nochzato/go-bank/util/random.go:22.25,25.3 2 1
github.com/nochzato/go-bank/util/random.go:27.2,27.20 1 1
github.com/nochzato/go-bank/util/random.go:31.27,33.2 1 0
github.com/nochzato/go-bank/util/random.go:36.26,38.2 1 0
github.com/nochzato/go-bank/util/random.go:41.30,45.2 3 0
github.com/nochzato/go-bank/util/random.go:48.27,50.2 1 0
github.com/nochzato/go-bank/token/jwt_maker.go:17.89,19.16 2 1
github.com/nochzato/go-bank/token/jwt_maker.go:19.16,21.3 1 0
github.com/nochzato/go-bank/token/jwt_maker.go:23.2,24.51 2 1
github.com/nochzato/go-bank/token/jwt_maker.go:27.64,28.57 1 1
github.com/nochzato/go-bank/token/jwt_maker.go:28.57,30.10 2 1
github.com/nochzato/go-bank/token/jwt_maker.go:30.10,32.4 1 1
github.com/nochzato/go-bank/token/jwt_maker.go:33.3,33.34 1 1
github.com/nochzato/go-bank/token/jwt_maker.go:36.2,37.16 2 1
github.com/nochzato/go-bank/token/jwt_maker.go:37.16,39.51 2 1
github.com/nochzato/go-bank/token/jwt_maker.go:39.51,41.4 1 1
github.com/nochzato/go-bank/token/jwt_maker.go:42.3,42.30 1 1
github.com/nochzato/go-bank/token/jwt_maker.go:45.2,46.9 2 1
github.com/nochzato/go-bank/token/jwt_maker.go:46.9,48.3 1 0
github.com/nochzato/go-bank/token/jwt_maker.go:50.2,50.21 1 1
github.com/nochzato/go-bank/token/jwt_maker.go:53.51,54.39 1 1
github.com/nochzato/go-bank/token/jwt_maker.go:54.39,56.3 1 0
github.com/nochzato/go-bank/token/jwt_maker.go:57.2,57.34 1 1
github.com/nochzato/go-bank/token/paseto_maker.go:16.92,18.16 2 1
github.com/nochzato/go-bank/token/paseto_maker.go:18.16,20.3 1 0
github.com/nochzato/go-bank/token/paseto_maker.go:22.2,22.55 1 1
github.com/nochzato/go-bank/token/paseto_maker.go:25.67,28.16 3 1
github.com/nochzato/go-bank/token/paseto_maker.go:28.16,30.3 1 0
github.com/nochzato/go-bank/token/paseto_maker.go:32.2,33.16 2 1
github.com/nochzato/go-bank/token/paseto_maker.go:33.16,35.3 1 1
github.com/nochzato/go-bank/token/paseto_maker.go:37.2,37.21 1 1
github.com/nochzato/go-bank/token/paseto_maker.go:40.57,41.51 1 1
github.com/nochzato/go-bank/token/paseto_maker.go:41.51,43.3 1 0
github.com/nochzato/go-bank/token/paseto_maker.go:45.2,49.19 2 1
github.com/nochzato/go-bank/token/payload.go:24.76,26.16 2 1
github.com/nochzato/go-bank/token/payload.go:26.16,28.3 1 0
github.com/nochzato/go-bank/token/payload.go:30.2,36.21 2 1
github.com/nochzato/go-bank/token/payload.go:39.33,40.35 1 1
github.com/nochzato/go-bank/token/payload.go:40.35,42.3 1 1
github.com/nochzato/go-bank/token/payload.go:43.2,43.12 1 1
github.com/nochzato/go-bank/api/account.go:17.55,19.49 2 0
github.com/nochzato/go-bank/api/account.go:19.49,22.3 2 0
github.com/nochzato/go-bank/api/account.go:24.2,31.16 3 0
github.com/nochzato/go-bank/api/account.go:31.16,32.39 1 0
github.com/nochzato/go-bank/api/account.go:32.39,33.29 1 0
github.com/nochzato/go-bank/api/account.go:34.53,36.11 2 0
github.com/nochzato/go-bank/api/account.go:39.3,40.9 2 0
github.com/nochzato/go-bank/api/account.go:43.2,43.34 1 0
github.com/nochzato/go-bank/api/account.go:50.52,52.48 2 1
github.com/nochzato/go-bank/api/account.go:52.48,55.3 2 1
github.com/nochzato/go-bank/api/account.go:57.2,58.16 2 1
github.com/nochzato/go-bank/api/account.go:58.16,59.27 1 1
github.com/nochzato/go-bank/api/account.go:59.27,62.4 2 1
github.com/nochzato/go-bank/api/account.go:63.3,64.9 2 1
github.com/nochzato/go-bank/api/account.go:67.2,67.34 1 1
github.com/nochzato/go-bank/api/account.go:75.53,77.50 2 0
github.com/nochzato/go-bank/api/account.go:77.50,80.3 2 0
github.com/nochzato/go-bank/api/account.go:82.2,88.16 3 0
github.com/nochzato/go-bank/api/account.go:88.16,91.3 2 0
github.com/nochzato/go-bank/api/account.go:93.2,93.35 1 0
github.com/nochzato/go-bank/api/middleware.go:18.61,19.32 1 1
github.com/nochzato/go-bank/api/middleware.go:19.32,21.39 2 1
github.com/nochzato/go-bank/api/middleware.go:21.39,25.4 3 0
github.com/nochzato/go-bank/api/middleware.go:27.3,28.22 2 1
github.com/nochzato/go-bank/api/middleware.go:28.22,32.4 3 1
github.com/nochzato/go-bank/api/middleware.go:34.3,35.51 2 1
github.com/nochzato/go-bank/api/middleware.go:35.51,39.4 3 1
github.com/nochzato/go-bank/api/middleware.go:41.3,43.17 3 1
github.com/nochzato/go-bank/api/middleware.go:43.17,46.4 2 1
github.com/nochzato/go-bank/api/middleware.go:48.3,49.13 2 1
github.com/nochzato/go-bank/api/server.go:24.69,26.16 2 1
github.com/nochzato/go-bank/api/server.go:26.16,28.3 1 0
github.com/nochzato/go-bank/api/server.go:29.2,35.67 2 1
github.com/nochzato/go-bank/api/server.go:35.67,37.17 2 1
github.com/nochzato/go-bank/api/server.go:37.17,39.4 1 0
github.com/nochzato/go-bank/api/server.go:42.2,43.20 2 1
github.com/nochzato/go-bank/api/server.go:46.37,59.2 8 1
github.com/nochzato/go-bank/api/server.go:62.51,64.2 1 0
github.com/nochzato/go-bank/api/server.go:66.37,68.2 1 1
github.com/nochzato/go-bank/api/transfer.go:19.56,21.49 2 0
github.com/nochzato/go-bank/api/transfer.go:21.49,24.3 2 0
github.com/nochzato/go-bank/api/transfer.go:26.2,26.64 1 0
github.com/nochzato/go-bank/api/transfer.go:26.64,28.3 1 0
github.com/nochzato/go-bank/api/transfer.go:30.2,30.62 1 0
github.com/nochzato/go-bank/api/transfer.go:30.62,32.3 1 0
github.com/nochzato/go-bank/api/transfer.go:34.2,41.16 3 0
github.com/nochzato/go-bank/api/transfer.go:41.16,44.3 2 0
github.com/nochzato/go-bank/api/transfer.go:46.2,46.33 1 0
github.com/nochzato/go-bank/api/transfer.go:49.93,51.16 2 0
github.com/nochzato/go-bank/api/transfer.go:51.16,52.27 1 0
github.com/nochzato/go-bank/api/transfer.go:52.27,55.4 2 0
github.com/nochzato/go-bank/api/transfer.go:56.3,57.15 2 0
github.com/nochzato/go-bank/api/transfer.go:60.2,60.34 1 0
github.com/nochzato/go-bank/api/transfer.go:60.34,64.3 3 0
github.com/nochzato/go-bank/api/transfer.go:66.2,66.13 1 0
github.com/nochzato/go-bank/api/user.go:29.49,37.2 1 1
github.com/nochzato/go-bank/api/user.go:39.52,41.49 2 1
github.com/nochzato/go-bank/api/user.go:41.49,44.3 2 1
github.com/nochzato/go-bank/api/user.go:46.2,47.16 2 1
github.com/nochzato/go-bank/api/user.go:47.16,49.3 1 0
github.com/nochzato/go-bank/api/user.go:51.2,59.16 3 1
github.com/nochzato/go-bank/api/user.go:59.16,60.39 1 1
github.com/nochzato/go-bank/api/user.go:60.39,61.29 1 0
github.com/nochzato/go-bank/api/user.go:62.28,64.11 2 0
github.com/nochzato/go-bank/api/user.go:67.3,68.9 2 1
github.com/nochzato/go-bank/api/user.go:71.2,72.30 2 1
github.com/nochzato/go-bank/api/user.go:85.51,87.49 2 0
github.com/nochzato/go-bank/api/user.go:87.49,90.3 2 0
github.com/nochzato/go-bank/api/user.go:92.2,93.16 2 0
github.com/nochzato/go-bank/api/user.go:93.16,94.27 1 0
github.com/nochzato/go-bank/api/user.go:94.27,97.4 2 0
github.com/nochzato/go-bank/api/user.go:98.3,99.9 2 0
github.com/nochzato/go-bank/api/user.go:102.2,103.16 2 0
github.com/nochzato/go-bank/api/user.go:103.16,106.3 2 0
github.com/nochzato/go-bank/api/user.go:108.2,112.16 2 0
github.com/nochzato/go-bank/api/user.go:112.16,115.3 2 0
github.com/nochzato/go-bank/api/user.go:117.2,121.30 2 0
github.com/nochzato/go-bank/api/validator.go:8.71,9.57 1 0
github.com/nochzato/go-bank/api/validator.go:9.57,11.3 1 0
github.com/nochzato/go-bank/api/validator.go:13.2,13.14 1 0
github.com/nochzato/go-bank/db/mock/store.go:32.55,36.2 3 1
github.com/nochzato/go-bank/db/mock/store.go:39.53,41.2 1 1
github.com/nochzato/go-bank/db/mock/store.go:44.114,50.2 5 0
github.com/nochzato/go-bank/db/mock/store.go:53.81,56.2 2 0
github.com/nochzato/go-bank/db/mock/store.go:59.106,65.2 5 0
github.com/nochzato/go-bank/db/mock/store.go:68.77,71.2 2 0
github.com/nochzato/go-bank/db/mock/store.go:74.100,80.2 5 0
github.com/nochzato/go-bank/db/mock/store.go:83.75,86.2 2 0
github.com/nochzato/go-bank/db/mock/store.go:89.109,95.2 5 0
github.com/nochzato/go-bank/db/mock/store.go:98.78,101.2 2 0
github.com/nochzato/go-bank/db/mock/store.go:104.97,110.2 5 1
github.com/nochzato/go-bank/db/mock/store.go:113.74,116.2 2 1
github.com/nochzato/go-bank/db/mock/store.go:119.75,124.2 4 0
github.com/nochzato/go-bank/db/mock/store.go:127.77,130.2 2 0
github.com/nochzato/go-bank/db/mock/store.go:133.86,139.2 5 1
github.com/nochzato/go-bank/db/mock/store.go:142.74,145.2 2 1
github.com/nochzato/go-bank/db/mock/store.go:148.95,154.2 5 0
github.com/nochzato/go-bank/db/mock/store.go:157.83,160.2 2 0
github.com/nochzato/go-bank/db/mock/store.go:163.82,169.2 5 0
github.com/nochzato/go-bank/db/mock/store.go:172.72,175.2 2 0
github.com/nochzato/go-bank/db/mock/store.go:178.88,184.2 5 0
github.com/nochzato/go-bank/db/mock/store.go:187.75,190.2 2 0
github.com/nochzato/go-bank/db/mock/store.go:193.81,199.2 5 0
github.com/nochzato/go-bank/db/mock/store.go:202.71,205.2 2 0
github.com/nochzato/go-bank/db/mock/store.go:208.106,214.2 5 0
github.com/nochzato/go-bank/db/mock/store.go:217.76,220.2 2 0
github.com/nochzato/go-bank/db/mock/store.go:223.102,229.2 5 0
github.com/nochzato/go-bank/db/mock/store.go:232.75,235.2 2 0
github.com/nochzato/go-bank/db/mock/store.go:238.109,244.2 5 0
github.com/nochzato/go-bank/db/mock/store.go:247.77,250.2 2 0
github.com/nochzato/go-bank/db/mock/store.go:253.109,259.2 5 0
github.com/nochzato/go-bank/db/mock/store.go:262.74,265.2 2 0
github.com/nochzato/go-bank/db/mock/store.go:268.106,274.2 5 0
github.com/nochzato/go-bank/db/mock/store.go:277.77,280.2 2 0
github.com/nochzato/go-bank/db/sqlc/account.sql.go:24.104,35.2 4 1
github.com/nochzato/go-bank/db/sqlc/account.sql.go:54.96,65.2 4 1
github.com/nochzato/go-bank/db/sqlc/account.sql.go:71.70,74.2 2 1
github.com/nochzato/go-bank/db/sqlc/account.sql.go:81.78,92.2 4 1
github.com/nochzato/go-bank/db/sqlc/account.sql.go:100.87,111.2 4 0
github.com/nochzato/go-bank/db/sqlc/account.sql.go:125.96,127.16 2 1
github.com/nochzato/go-bank/db/sqlc/account.sql.go:127.16,129.3 1 0
github.com/nochzato/go-bank/db/sqlc/account.sql.go:130.2,132.18 3 1
github.com/nochzato/go-bank/db/sqlc/account.sql.go:132.18,140.17 2 1
github.com/nochzato/go-bank/db/sqlc/account.sql.go:140.17,142.4 1 0
github.com/nochzato/go-bank/db/sqlc/account.sql.go:143.3,143.27 1 1
github.com/nochzato/go-bank/db/sqlc/account.sql.go:145.2,145.37 1 1
github.com/nochzato/go-bank/db/sqlc/account.sql.go:145.37,147.3 1 0
github.com/nochzato/go-bank/db/sqlc/account.sql.go:148.2,148.35 1 1
github.com/nochzato/go-bank/db/sqlc/account.sql.go:148.35,150.3 1 0
github.com/nochzato/go-bank/db/sqlc/account.sql.go:151.2,151.19 1 1
github.com/nochzato/go-bank/db/sqlc/account.sql.go:166.96,177.2 4 1
github.com/nochzato/go-bank/db/sqlc/db.go:19.28,21.2 1 1
github.com/nochzato/go-bank/db/sqlc/db.go:27.47,31.2 1 0
github.com/nochzato/go-bank/db/sqlc/entry.sql.go:26.90,36.2 4 1
github.com/nochzato/go-bank/db/sqlc/entry.sql.go:43.74,53.2 4 1
github.com/nochzato/go-bank/db/sqlc/entry.sql.go:69.92,71.16 2 1
github.com/nochzato/go-bank/db/sqlc/entry.sql.go:71.16,73.3 1 0
github.com/nochzato/go-bank/db/sqlc/entry.sql.go:74.2,76.18 3 1
github.com/nochzato/go-bank/db/sqlc/entry.sql.go:76.18,83.17 2 1
github.com/nochzato/go-bank/db/sqlc/entry.sql.go:83.17,85.4 1 0
github.com/nochzato/go-bank/db/sqlc/entry.sql.go:86.3,86.27 1 1
github.com/nochzato/go-bank/db/sqlc/entry.sql.go:88.2,88.37 1 1
github.com/nochzato/go-bank/db/sqlc/entry.sql.go:88.37,90.3 1 0
github.com/nochzato/go-bank/db/sqlc/entry.sql.go:91.2,91.35 1 1
github.com/nochzato/go-bank/db/sqlc/entry.sql.go:91.35,93.3 1 0
github.com/nochzato/go-bank/db/sqlc/entry.sql.go:94.2,94.19 1 1
github.com/nochzato/go-bank/db/sqlc/store.go:20.33,25.2 1 1
github.com/nochzato/go-bank/db/sqlc/store.go:28.83,30.16 2 1
github.com/nochzato/go-bank/db/sqlc/store.go:30.16,32.3 1 0
github.com/nochzato/go-bank/db/sqlc/store.go:34.2,36.16 3 1
github.com/nochzato/go-bank/db/sqlc/store.go:36.16,37.43 1 0
github.com/nochzato/go-bank/db/sqlc/store.go:37.43,39.4 1 0
github.com/nochzato/go-bank/db/sqlc/store.go:40.3,40.13 1 0
github.com/nochzato/go-bank/db/sqlc/store.go:43.2,43.20 1 1
github.com/nochzato/go-bank/db/sqlc/store.go:65.104,68.50 2 1
github.com/nochzato/go-bank/db/sqlc/store.go:68.50,76.17 3 1
github.com/nochzato/go-bank/db/sqlc/store.go:76.17,78.4 1 0
github.com/nochzato/go-bank/db/sqlc/store.go:80.3,84.17 2 1
github.com/nochzato/go-bank/db/sqlc/store.go:84.17,86.4 1 0
github.com/nochzato/go-bank/db/sqlc/store.go:88.3,92.17 2 1
github.com/nochzato/go-bank/db/sqlc/store.go:92.17,94.4 1 0
github.com/nochzato/go-bank/db/sqlc/store.go:96.3,96.42 1 1
github.com/nochzato/go-bank/db/sqlc/store.go:96.42,105.4 1 1
github.com/nochzato/go-bank/db/sqlc/store.go:105.9,114.4 1 1
github.com/nochzato/go-bank/db/sqlc/store.go:116.3,116.13 1 1
github.com/nochzato/go-bank/db/sqlc/store.go:119.2,119.20 1 1
github.com/nochzato/go-bank/db/sqlc/store.go:129.43,134.16 2 1
github.com/nochzato/go-bank/db/sqlc/store.go:134.16,136.3 1 0
github.com/nochzato/go-bank/db/sqlc/store.go:138.2,143.8 2 1
github.com/nochzato/go-bank/db/sqlc/tranfser.sql.go:28.99,39.2 4 1
github.com/nochzato/go-bank/db/sqlc/tranfser.sql.go:46.80,57.2 4 1
github.com/nochzato/go-bank/db/sqlc/tranfser.sql.go:76.99,83.16 2 1
github.com/nochzato/go-bank/db/sqlc/tranfser.sql.go:83.16,85.3 1 0
github.com/nochzato/go-bank/db/sqlc/tranfser.sql.go:86.2,88.18 3 1
github.com/nochzato/go-bank/db/sqlc/tranfser.sql.go:88.18,96.17 2 1
github.com/nochzato/go-bank/db/sqlc/tranfser.sql.go:96.17,98.4 1 0
github.com/nochzato/go-bank/db/sqlc/tranfser.sql.go:99.3,99.27 1 1
github.com/nochzato/go-bank/db/sqlc/tranfser.sql.go:101.2,101.37 1 1
github.com/nochzato/go-bank/db/sqlc/tranfser.sql.go:101.37,103.3 1 0
github.com/nochzato/go-bank/db/sqlc/tranfser.sql.go:104.2,104.35 1 1
github.com/nochzato/go-bank/db/sqlc/tranfser.sql.go:104.35,106.3 1 0
github.com/nochzato/go-bank/db/sqlc/tranfser.sql.go:107.2,107.19 1 1
github.com/nochzato/go-bank/db/sqlc/user.sql.go:31.87,48.2 4 1
github.com/nochzato/go-bank/db/sqlc/user.sql.go:55.79,67.2 4 1
